<?xml version="1.0" encoding="UTF-8"?>
<!-- Generated by org.testng.reporters.JUnitReportReporter -->
<testsuite hostname="VIJAYB-IN" failures="0" tests="5" name="com.tests.LoginTest" time="7.423" errors="0" timestamp="30 Jun 2021 06:16:57 GMT" skipped="0">
  <testcase classname="com.tests.LoginTest" name="Login_Test_TC1_2_3" time="2.991"/>
  <testcase classname="com.tests.LoginTest" name="Login_Test_TC8" time="0.822"/>
  <testcase classname="com.tests.LoginTest" name="Login_Test_TC4" time="1.160"/>
  <testcase classname="com.tests.LoginTest" name="Login_Test_TC9" time="0.463"/>
  <testcase classname="com.tests.LoginTest" name="Login_Test_TC16" time="1.987"/>
</testsuite> <!-- com.tests.LoginTest -->
